20:10:40 **** Incremental Build of configuration Debug for project CProjectPro ****
Info: Internal Builder is used for build
gcc -O0 -g3 -Wall -c -fmessage-length=0 -o CProjectPro.o "..\\CProjectPro.c" 
gcc -o CProjectPro.exe CProjectPro.o 
Info: Nothing to build for CProjectPro
20:11:20 **** Incremental Build of configuration Debug for project CProjectPro ****
Info: Internal Builder is used for build
gcc -O0 -g3 -Wall -c -fmessage-length=0 -o CProjectPro.o "..\\CProjectPro.c" 
gcc -o CProjectPro.exe CProjectPro.o 
20:12:04 **** Incremental Build of configuration Debug for project CProjectPro ****
Info: Internal Builder is used for build
gcc -O0 -g3 -Wall -c -fmessage-length=0 -o CProjectPro.o "..\\CProjectPro.c" 
gcc -o CProjectPro.exe CProjectPro.o 
Info: Nothing to build for CProjectPro
20:13:26 **** Incremental Build of configuration Debug for project CProjectPro ****
Info: Internal Builder is used for build
gcc -O0 -g3 -Wall -c -fmessage-length=0 -o CProjectPro.o "..\\CProjectPro.c" 
gcc -o CProjectPro.exe CProjectPro.o 
C:/MinGW/bin/../lib/gcc/x86_64-w64-mingw32/14.1.0/../../../../x86_64-w64-mingw32/bin/ld.exe: cannot open output file CProjectPro.exe: Permission denied
collect2.exe: error: ld returned 1 exit status
20:13:32 **** Incremental Build of configuration Debug for project CProjectPro ****
Info: Internal Builder is used for build
gcc -o CProjectPro.exe CProjectPro.o 
Info: Nothing to build for CProjectPro
20:15:53 **** Incremental Build of configuration Debug for project CProjectPro ****
Info: Internal Builder is used for build
gcc -O0 -g3 -Wall -c -fmessage-length=0 -o CProjectPro.o "..\\CProjectPro.c" 
gcc -o CProjectPro.exe CProjectPro.o 
20:16:15 **** Incremental Build of configuration Debug for project CProjectPro ****
Info: Internal Builder is used for build
gcc -O0 -g3 -Wall -c -fmessage-length=0 -o CProjectPro.o "..\\CProjectPro.c" 
gcc -o CProjectPro.exe CProjectPro.o 
20:17:15 **** Incremental Build of configuration Debug for project CProjectPro ****
Info: Internal Builder is used for build
gcc -O0 -g3 -Wall -c -fmessage-length=0 -o CProjectPro.o "..\\CProjectPro.c" 
gcc -o CProjectPro.exe CProjectPro.o 
C:/MinGW/bin/../lib/gcc/x86_64-w64-mingw32/14.1.0/../../../../x86_64-w64-mingw32/bin/ld.exe: cannot open output file CProjectPro.exe: Permission denied
collect2.exe: error: ld returned 1 exit status
20:17:22 **** Incremental Build of configuration Debug for project CProjectPro ****
Info: Internal Builder is used for build
gcc -o CProjectPro.exe CProjectPro.o 
20:20:15 **** Incremental Build of configuration Debug for project CProjectPro ****
Info: Internal Builder is used for build
gcc -O0 -g3 -Wall -c -fmessage-length=0 -o CProjectPro.o "..\\CProjectPro.c" 
gcc -o CProjectPro.exe CProjectPro.o 
C:/MinGW/bin/../lib/gcc/x86_64-w64-mingw32/14.1.0/../../../../x86_64-w64-mingw32/bin/ld.exe: cannot open output file CProjectPro.exe: Permission denied
collect2.exe: error: ld returned 1 exit status
20:20:20 **** Incremental Build of configuration Debug for project CProjectPro ****
Info: Internal Builder is used for build
gcc -o CProjectPro.exe CProjectPro.o 
20:21:03 **** Incremental Build of configuration Debug for project CProjectPro ****
Info: Internal Builder is used for build
gcc -O0 -g3 -Wall -c -fmessage-length=0 -o CProjectPro.o "..\\CProjectPro.c" 
gcc -o CProjectPro.exe CProjectPro.o 
